<?xml version="1.0" encoding="UTF-8"?>
<testsuite xmlns:xsi="http://www.w3.org/2001/XMLSchema-instance" xsi:noNamespaceSchemaLocation="https://maven.apache.org/surefire/maven-surefire-plugin/xsd/surefire-test-report.xsd" version="3.0.2" name="com.gameengine.core.GameLogicTest" time="0.087" tests="3" errors="0" skipped="0" failures="0">
  <properties>
[...]
</properties>
  <testcase name="handlePlayerInputSetsVelocityAndClampsPosition" classname="com.gameengine.core.GameLogicTest" time="0.041">
    <system-out><![CDATA[
==== TEST START ====
DisplayName: handlePlayerInputSetsVelocityAndClampsPosition()
Test: com.gameengine.core.GameLogicTest#handlePlayerInputSetsVelocityAndClampsPosition
==== TEST PASS  ====
DisplayName: handlePlayerInputSetsVelocityAndClampsPosition()
Test: com.gameengine.core.GameLogicTest#handlePlayerInputSetsVelocityAndClampsPosition
Duration: 34.03 ms
]]></system-out>
  </testcase>
  <testcase name="updatePhysicsDestroysOutOfBoundsNonPlayer" classname="com.gameengine.core.GameLogicTest" time="0.006">
    <system-out><![CDATA[
==== TEST START ====
DisplayName: updatePhysicsDestroysOutOfBoundsNonPlayer()
Test: com.gameengine.core.GameLogicTest#updatePhysicsDestroysOutOfBoundsNonPlayer
==== TEST PASS  ====
DisplayName: updatePhysicsDestroysOutOfBoundsNonPlayer()
Test: com.gameengine.core.GameLogicTest#updatePhysicsDestroysOutOfBoundsNonPlayer
Duration: 5.01 ms
]]></system-out>
  </testcase>
  <testcase name="checkCollisionsInvokesCollisionCallback" classname="com.gameengine.core.GameLogicTest" time="0.005">
    <system-out><![CDATA[
==== TEST START ====
DisplayName: checkCollisionsInvokesCollisionCallback()
Test: com.gameengine.core.GameLogicTest#checkCollisionsInvokesCollisionCallback
==== TEST PASS  ====
DisplayName: checkCollisionsInvokesCollisionCallback()
Test: com.gameengine.core.GameLogicTest#checkCollisionsInvokesCollisionCallback
Duration: 3.59 ms
]]></system-out>
  </testcase>
</testsuite>